{
  "0 debug pnpm:scope": {
    "selected": 1
  },
  "1 error pnpm": {
    "message": {
      "errno": 2,
      "code": "ELIFECYCLE",
      "pkgid": "omega-discord-bot@1.0.0",
      "stage": "build",
      "script": "tsc",
      "pkgname": "omega-discord-bot"
    },
    "err": {
      "name": "Error",
      "message": "omega-discord-bot@1.0.0 build: `tsc`\nExit status 2",
      "code": "ELIFECYCLE",
      "stack": "Error: omega-discord-bot@1.0.0 build: `tsc`\nExit status 2\n    at EventEmitter.<anonymous> (C:\\Users\\Asriel\\AppData\\Local\\nvs\\node\\13.6.0\\x64\\pnpm-global\\3\\node_modules\\.pnpm\\registry.npmjs.org\\pnpm\\4.11.5\\node_modules\\pnpm\\lib\\node_modules\\@zkochan\\npm-lifecycle\\index.js:302:16)\n    at EventEmitter.emit (events.js:321:20)\n    at ChildProcess.<anonymous> (C:\\Users\\Asriel\\AppData\\Local\\nvs\\node\\13.6.0\\x64\\pnpm-global\\3\\node_modules\\.pnpm\\registry.npmjs.org\\pnpm\\4.11.5\\node_modules\\pnpm\\lib\\node_modules\\@zkochan\\npm-lifecycle\\lib\\spawn.js:55:14)\n    at ChildProcess.emit (events.js:321:20)\n    at maybeClose (internal/child_process.js:1028:16)\n    at Process.ChildProcess._handle.onexit (internal/child_process.js:286:5)"
    }
  }
}